0 info it worked if it ends with ok
1 verbose cli [ 'C:\\Program Files\\nodejs\\node.exe',
1 verbose cli   'C:\\Program Files\\nodejs\\node_modules\\npm\\bin\\npm-cli.js',
1 verbose cli   'install',
1 verbose cli   '--save',
1 verbose cli   'victory' ]
2 info using npm@2.15.5
3 info using node@v4.4.5
4 verbose install initial load of W:\scoreboard\package.json
5 verbose installManyTop reading scoped package data from W:\scoreboard\node_modules\async\package.json
6 verbose installManyTop reading scoped package data from W:\scoreboard\node_modules\babel-core\package.json
7 verbose installManyTop reading scoped package data from W:\scoreboard\node_modules\body-parser\package.json
8 verbose installManyTop reading scoped package data from W:\scoreboard\node_modules\chart.js\package.json
9 verbose installManyTop reading scoped package data from W:\scoreboard\node_modules\cookie-parser\package.json
10 verbose installManyTop reading scoped package data from W:\scoreboard\node_modules\debug\package.json
11 verbose installManyTop reading scoped package data from W:\scoreboard\node_modules\express\package.json
12 verbose installManyTop reading scoped package data from W:\scoreboard\node_modules\jade\package.json
13 verbose installManyTop reading scoped package data from W:\scoreboard\node_modules\lodash\package.json
14 verbose installManyTop reading scoped package data from W:\scoreboard\node_modules\moment\package.json
15 verbose installManyTop reading scoped package data from W:\scoreboard\node_modules\morgan\package.json
16 verbose installManyTop reading scoped package data from W:\scoreboard\node_modules\mysql\package.json
17 verbose installManyTop reading scoped package data from W:\scoreboard\node_modules\react\package.json
18 verbose installManyTop reading scoped package data from W:\scoreboard\node_modules\react-bootstrap\package.json
19 verbose installManyTop reading scoped package data from W:\scoreboard\node_modules\react-bootstrap-daterangepicker\package.json
20 verbose installManyTop reading scoped package data from W:\scoreboard\node_modules\react-dom\package.json
21 verbose installManyTop reading scoped package data from W:\scoreboard\node_modules\serve-favicon\package.json
22 info package.json babel-core@5.8.34 No README data
23 info package.json react-bootstrap@0.29.5 No README data
24 verbose readDependencies loading dependencies from W:\scoreboard\package.json
25 silly cache add args [ 'victory', null ]
26 verbose cache add spec victory
27 silly cache add parsed spec Result {
27 silly cache add   raw: 'victory',
27 silly cache add   scope: null,
27 silly cache add   name: 'victory',
27 silly cache add   rawSpec: '',
27 silly cache add   spec: 'latest',
27 silly cache add   type: 'tag' }
28 silly addNamed victory@latest
29 verbose addNamed "latest" is being treated as a dist-tag for victory
30 info addNameTag [ 'victory', 'latest' ]
31 silly mapToRegistry name victory
32 silly mapToRegistry using default registry
33 silly mapToRegistry registry https://registry.npmjs.org/
34 silly mapToRegistry data Result {
34 silly mapToRegistry   raw: 'victory',
34 silly mapToRegistry   scope: null,
34 silly mapToRegistry   name: 'victory',
34 silly mapToRegistry   rawSpec: '',
34 silly mapToRegistry   spec: 'latest',
34 silly mapToRegistry   type: 'tag' }
35 silly mapToRegistry uri https://registry.npmjs.org/victory
36 verbose addNameTag registry:https://registry.npmjs.org/victory not in flight; fetching
37 verbose request uri https://registry.npmjs.org/victory
38 verbose request no auth needed
39 info attempt registry request try #1 at 11:58:21 PM
40 verbose request id 7e5e2f01d698e4e1
41 http request GET https://registry.npmjs.org/victory
42 http 200 https://registry.npmjs.org/victory
43 verbose headers { server: 'CouchDB/1.5.0 (Erlang OTP/R16B03)',
43 verbose headers   etag: '"6CW3SJ1CWI6K9YXXI539W3V7M"',
43 verbose headers   'content-type': 'application/json',
43 verbose headers   'content-encoding': 'gzip',
43 verbose headers   'cache-control': 'max-age=300',
43 verbose headers   'content-length': '8606',
43 verbose headers   'accept-ranges': 'bytes',
43 verbose headers   date: 'Wed, 29 Jun 2016 22:58:22 GMT',
43 verbose headers   via: '1.1 varnish',
43 verbose headers   age: '0',
43 verbose headers   connection: 'keep-alive',
43 verbose headers   'x-served-by': 'cache-ams4123-AMS',
43 verbose headers   'x-cache': 'MISS',
43 verbose headers   'x-cache-hits': '0',
43 verbose headers   'x-timer': 'S1467241101.909147,VS0,VE732',
43 verbose headers   vary: 'Accept-Encoding' }
44 silly get cb [ 200,
44 silly get   { server: 'CouchDB/1.5.0 (Erlang OTP/R16B03)',
44 silly get     etag: '"6CW3SJ1CWI6K9YXXI539W3V7M"',
44 silly get     'content-type': 'application/json',
44 silly get     'content-encoding': 'gzip',
44 silly get     'cache-control': 'max-age=300',
44 silly get     'content-length': '8606',
44 silly get     'accept-ranges': 'bytes',
44 silly get     date: 'Wed, 29 Jun 2016 22:58:22 GMT',
44 silly get     via: '1.1 varnish',
44 silly get     age: '0',
44 silly get     connection: 'keep-alive',
44 silly get     'x-served-by': 'cache-ams4123-AMS',
44 silly get     'x-cache': 'MISS',
44 silly get     'x-cache-hits': '0',
44 silly get     'x-timer': 'S1467241101.909147,VS0,VE732',
44 silly get     vary: 'Accept-Encoding' } ]
45 verbose get saving victory to C:\Users\drevilish\AppData\Roaming\npm-cache\registry.npmjs.org\victory\.cache.json
46 verbose correctMkdir C:\Users\drevilish\AppData\Roaming\npm-cache correctMkdir not in flight; initializing
47 silly addNameTag next cb for victory with tag latest
48 verbose stack Error: No compatible version found: victory@'latest'
48 verbose stack Valid install targets:
48 verbose stack ["0.0.1","0.0.2","0.0.3","0.0.4","0.1.0","0.1.1","0.1.2","0.1.3","0.2.0","0.3.0","0.4.0","0.4.1","0.4.2","0.5.0","0.5.1","0.6.0","0.6.1"]
48 verbose stack
48 verbose stack     at installTargetsError (C:\Program Files\nodejs\node_modules\npm\lib\cache\add-named.js:284:12)
48 verbose stack     at next (C:\Program Files\nodejs\node_modules\npm\lib\cache\add-named.js:94:10)
48 verbose stack     at RES (C:\Program Files\nodejs\node_modules\npm\node_modules\inflight\inflight.js:23:14)
48 verbose stack     at f (C:\Program Files\nodejs\node_modules\npm\node_modules\once\once.js:17:25)
48 verbose stack     at fixName (C:\Program Files\nodejs\node_modules\npm\lib\cache\add-named.js:29:5)
48 verbose stack     at saved (C:\Program Files\nodejs\node_modules\npm\lib\cache\caching-client.js:173:7)
48 verbose stack     at C:\Program Files\nodejs\node_modules\npm\node_modules\graceful-fs\polyfills.js:210:7
48 verbose stack     at FSReqWrap.oncomplete (fs.js:82:15)
49 verbose cwd W:\scoreboard\public\js\dist
50 error Windows_NT 10.0.14367
51 error argv "C:\\Program Files\\nodejs\\node.exe" "C:\\Program Files\\nodejs\\node_modules\\npm\\bin\\npm-cli.js" "install" "--save" "victory"
52 error node v4.4.5
53 error npm  v2.15.5
54 error code ETARGET
55 error notarget No compatible version found: victory@'latest'
55 error notarget Valid install targets:
55 error notarget ["0.0.1","0.0.2","0.0.3","0.0.4","0.1.0","0.1.1","0.1.2","0.1.3","0.2.0","0.3.0","0.4.0","0.4.1","0.4.2","0.5.0","0.5.1","0.6.0","0.6.1"]
55 error notarget
55 error notarget This is most likely not a problem with npm itself.
55 error notarget In most cases you or one of your dependencies are requesting
55 error notarget a package version that doesn't exist.
55 error notarget
55 error notarget It was specified as a dependency of 'scoreboard'
56 verbose exit [ 1, true ]
